<?xml version="1.0" encoding="UTF-8"?>
<coverage generated="1652161936314" clover="3.2.0">
  <project timestamp="1652161936314" name="All files">
    <metrics statements="13" coveredstatements="13" conditionals="8" coveredconditionals="6" methods="3" coveredmethods="3" elements="24" coveredelements="22" complexity="0" loc="13" ncloc="13" packages="1" files="1" classes="1"/>
    <file name="utils.ts" path="/Users/imagine/project/my/bear-react-locale/src/utils.ts">
      <metrics statements="13" coveredstatements="13" conditionals="8" coveredconditionals="6" methods="3" coveredmethods="3"/>
      <line num="10" count="1" type="stmt"/>
      <line num="13" count="4" type="stmt"/>
      <line num="14" count="4" type="cond" truecount="1" falsecount="0"/>
      <line num="15" count="2" type="stmt"/>
      <line num="16" count="2" type="stmt"/>
      <line num="17" count="2" type="cond" truecount="1" falsecount="0"/>
      <line num="18" count="1" type="stmt"/>
      <line num="19" count="1" type="stmt"/>
      <line num="22" count="3" type="cond" truecount="2" falsecount="0"/>
      <line num="23" count="3" type="stmt"/>
      <line num="24" count="9" type="cond" truecount="2" falsecount="2"/>
      <line num="25" count="9" type="stmt"/>
      <line num="27" count="9" type="stmt"/>
    </file>
  </project>
</coverage>
