{"/Users/imagine/project/my/bear-react-locale/src/utils.ts": {"path":"/Users/imagine/project/my/bear-react-locale/src/utils.ts","statementMap":{"0":{"start":{"line":10,"column":41},"end":{"line":28,"column":1}},"1":{"start":{"line":13,"column":19},"end":{"line":13,"column":45}},"2":{"start":{"line":14,"column":4},"end":{"line":21,"column":null}},"3":{"start":{"line":15,"column":8},"end":{"line":15,"column":134}},"4":{"start":{"line":16,"column":8},"end":{"line":16,"column":53}},"5":{"start":{"line":17,"column":8},"end":{"line":20,"column":null}},"6":{"start":{"line":18,"column":12},"end":{"line":18,"column":126}},"7":{"start":{"line":19,"column":12},"end":{"line":19,"column":22}},"8":{"start":{"line":22,"column":36},"end":{"line":22,"column":143}},"9":{"start":{"line":23,"column":37},"end":{"line":26,"column":5}},"10":{"start":{"line":24,"column":33},"end":{"line":24,"column":122}},"11":{"start":{"line":25,"column":8},"end":{"line":25,"column":75}},"12":{"start":{"line":27,"column":4},"end":{"line":27,"column":122}},"13":{"start":{"line":27,"column":68},"end":{"line":27,"column":116}},"14":{"start":{"line":10,"column":13},"end":{"line":10,"column":41}}},"fnMap":{"0":{"name":"(anonymous_0)","decl":{"start":{"line":10,"column":41},"end":{"line":10,"column":42}},"loc":{"start":{"line":10,"column":138},"end":{"line":28,"column":1}}},"1":{"name":"(anonymous_1)","decl":{"start":{"line":23,"column":37},"end":{"line":23,"column":38}},"loc":{"start":{"line":23,"column":92},"end":{"line":26,"column":5}}},"2":{"name":"(anonymous_2)","decl":{"start":{"line":27,"column":40},"end":{"line":27,"column":41}},"loc":{"start":{"line":27,"column":68},"end":{"line":27,"column":116}}}},"branchMap":{"0":{"loc":{"start":{"line":14,"column":4},"end":{"line":21,"column":null}},"type":"if","locations":[{"start":{"line":14,"column":4},"end":{"line":21,"column":null}}]},"1":{"loc":{"start":{"line":17,"column":8},"end":{"line":20,"column":null}},"type":"if","locations":[{"start":{"line":17,"column":8},"end":{"line":20,"column":null}}]},"2":{"loc":{"start":{"line":22,"column":36},"end":{"line":22,"column":143}},"type":"cond-expr","locations":[{"start":{"line":22,"column":63},"end":{"line":22,"column":138}},{"start":{"line":22,"column":141},"end":{"line":22,"column":143}}]},"3":{"loc":{"start":{"line":24,"column":33},"end":{"line":24,"column":122}},"type":"cond-expr","locations":[{"start":{"line":24,"column":78},"end":{"line":24,"column":106}},{"start":{"line":24,"column":109},"end":{"line":24,"column":122}}]},"4":{"loc":{"start":{"line":24,"column":33},"end":{"line":24,"column":75}},"type":"binary-expr","locations":[{"start":{"line":24,"column":33},"end":{"line":24,"column":47}},{"start":{"line":24,"column":51},"end":{"line":24,"column":75}}]}},"s":{"0":1,"1":4,"2":4,"3":2,"4":2,"5":2,"6":1,"7":1,"8":3,"9":3,"10":9,"11":9,"12":3,"13":9,"14":1},"f":{"0":4,"1":9,"2":9},"b":{"0":[2],"1":[1],"2":[1,2],"3":[0,9],"4":[9,0]}}
}
